<?xml version="1.0" encoding="UTF-8"?>
<testsuite name="com.ProjectOne.ProjectOneApplicationTests" tests="1" skipped="0" failures="0" errors="0" timestamp="2016-05-19T11:35:05" hostname="XEN-631" time="0.001">
  <properties/>
  <testcase name="contextLoads" classname="com.ProjectOne.ProjectOneApplicationTests" time="0.001"/>
  <system-out><![CDATA[17:05:04.251 [Test worker] DEBUG org.springframework.test.context.junit4.SpringJUnit4ClassRunner - SpringJUnit4ClassRunner constructor called with [class com.ProjectOne.ProjectOneApplicationTests]
17:05:04.255 [Test worker] DEBUG org.springframework.test.context.BootstrapUtils - Instantiating CacheAwareContextLoaderDelegate from class [org.springframework.test.context.cache.DefaultCacheAwareContextLoaderDelegate]
17:05:04.259 [Test worker] DEBUG org.springframework.test.context.BootstrapUtils - Instantiating BootstrapContext using constructor [public org.springframework.test.context.support.DefaultBootstrapContext(java.lang.Class,org.springframework.test.context.CacheAwareContextLoaderDelegate)]
17:05:04.266 [Test worker] DEBUG org.springframework.test.context.BootstrapUtils - Instantiating TestContextBootstrapper for test class [com.ProjectOne.ProjectOneApplicationTests] from class [org.springframework.test.context.support.DefaultTestContextBootstrapper]
17:05:04.284 [Test worker] DEBUG org.springframework.test.context.support.DefaultTestContextBootstrapper - Found explicit ContextLoader class [org.springframework.boot.test.SpringApplicationContextLoader] for context configuration attributes [ContextConfigurationAttributes@164e3388 declaringClass = 'com.ProjectOne.ProjectOneApplicationTests', classes = '{class com.ProjectOne.ProjectOneApplication}', locations = '{}', inheritLocations = true, initializers = '{}', inheritInitializers = true, name = [null], contextLoaderClass = 'org.springframework.boot.test.SpringApplicationContextLoader']
17:05:04.289 [Test worker] DEBUG org.springframework.test.context.support.AbstractContextLoader - Did not detect default resource location for test class [com.ProjectOne.ProjectOneApplicationTests]: class path resource [com/ProjectOne/ProjectOneApplicationTests-context.xml] does not exist
17:05:04.290 [Test worker] DEBUG org.springframework.test.context.support.AbstractContextLoader - Did not detect default resource location for test class [com.ProjectOne.ProjectOneApplicationTests]: class path resource [com/ProjectOne/ProjectOneApplicationTestsContext.groovy] does not exist
17:05:04.290 [Test worker] INFO org.springframework.test.context.support.AbstractContextLoader - Could not detect default resource locations for test class [com.ProjectOne.ProjectOneApplicationTests]: no resource found for suffixes {-context.xml, Context.groovy}.
17:05:04.291 [Test worker] DEBUG org.springframework.test.context.support.ActiveProfilesUtils - Could not find an 'annotation declaring class' for annotation type [org.springframework.test.context.ActiveProfiles] and class [com.ProjectOne.ProjectOneApplicationTests]
17:05:04.294 [Test worker] DEBUG org.springframework.test.context.support.DefaultTestContextBootstrapper - @TestExecutionListeners is not present for class [com.ProjectOne.ProjectOneApplicationTests]: using defaults.
17:05:04.300 [Test worker] INFO org.springframework.test.context.support.DefaultTestContextBootstrapper - Loaded default TestExecutionListener class names from location [META-INF/spring.factories]: [org.springframework.test.context.web.ServletTestExecutionListener, org.springframework.test.context.support.DirtiesContextBeforeModesTestExecutionListener, org.springframework.test.context.support.DependencyInjectionTestExecutionListener, org.springframework.test.context.support.DirtiesContextTestExecutionListener, org.springframework.test.context.transaction.TransactionalTestExecutionListener, org.springframework.test.context.jdbc.SqlScriptsTestExecutionListener]
17:05:04.308 [Test worker] INFO org.springframework.test.context.support.DefaultTestContextBootstrapper - Could not instantiate TestExecutionListener [org.springframework.test.context.jdbc.SqlScriptsTestExecutionListener]. Specify custom listener classes or make the default listener classes (and their required dependencies) available. Offending class: [org/springframework/transaction/interceptor/TransactionAttribute]
17:05:04.309 [Test worker] INFO org.springframework.test.context.support.DefaultTestContextBootstrapper - Could not instantiate TestExecutionListener [org.springframework.test.context.web.ServletTestExecutionListener]. Specify custom listener classes or make the default listener classes (and their required dependencies) available. Offending class: [javax/servlet/ServletContext]
17:05:04.309 [Test worker] INFO org.springframework.test.context.support.DefaultTestContextBootstrapper - Could not instantiate TestExecutionListener [org.springframework.test.context.transaction.TransactionalTestExecutionListener]. Specify custom listener classes or make the default listener classes (and their required dependencies) available. Offending class: [org/springframework/transaction/interceptor/TransactionAttributeSource]
17:05:04.311 [Test worker] INFO org.springframework.test.context.support.DefaultTestContextBootstrapper - Using TestExecutionListeners: [org.springframework.test.context.support.DirtiesContextBeforeModesTestExecutionListener@4466039e, org.springframework.test.context.support.DependencyInjectionTestExecutionListener@48fc778e, org.springframework.test.context.support.DirtiesContextTestExecutionListener@314dceea]
17:05:04.315 [Test worker] DEBUG org.springframework.test.annotation.ProfileValueUtils - Retrieved @ProfileValueSourceConfiguration [null] for test class [com.ProjectOne.ProjectOneApplicationTests]
17:05:04.315 [Test worker] DEBUG org.springframework.test.annotation.ProfileValueUtils - Retrieved ProfileValueSource type [class org.springframework.test.annotation.SystemProfileValueSource] for class [com.ProjectOne.ProjectOneApplicationTests]
17:05:04.316 [Test worker] DEBUG org.springframework.test.annotation.ProfileValueUtils - Retrieved @ProfileValueSourceConfiguration [null] for test class [com.ProjectOne.ProjectOneApplicationTests]
17:05:04.316 [Test worker] DEBUG org.springframework.test.annotation.ProfileValueUtils - Retrieved ProfileValueSource type [class org.springframework.test.annotation.SystemProfileValueSource] for class [com.ProjectOne.ProjectOneApplicationTests]
17:05:04.319 [Test worker] DEBUG org.springframework.test.context.support.AbstractDirtiesContextTestExecutionListener - Before test class: context [DefaultTestContext@1a476f26 testClass = ProjectOneApplicationTests, testInstance = [null], testMethod = [null], testException = [null], mergedContextConfiguration = [MergedContextConfiguration@2211667e testClass = ProjectOneApplicationTests, locations = '{}', classes = '{class com.ProjectOne.ProjectOneApplication}', contextInitializerClasses = '[]', activeProfiles = '{}', propertySourceLocations = '{}', propertySourceProperties = '{}', contextLoader = 'org.springframework.boot.test.SpringApplicationContextLoader', parent = [null]]], class annotated with @DirtiesContext [false] with mode [null].
17:05:04.320 [Test worker] DEBUG org.springframework.test.annotation.ProfileValueUtils - Retrieved @ProfileValueSourceConfiguration [null] for test class [com.ProjectOne.ProjectOneApplicationTests]
17:05:04.320 [Test worker] DEBUG org.springframework.test.annotation.ProfileValueUtils - Retrieved ProfileValueSource type [class org.springframework.test.annotation.SystemProfileValueSource] for class [com.ProjectOne.ProjectOneApplicationTests]
17:05:04.324 [Test worker] DEBUG org.springframework.test.context.support.DependencyInjectionTestExecutionListener - Performing dependency injection for test context [[DefaultTestContext@1a476f26 testClass = ProjectOneApplicationTests, testInstance = com.ProjectOne.ProjectOneApplicationTests@e1bf394, testMethod = [null], testException = [null], mergedContextConfiguration = [MergedContextConfiguration@2211667e testClass = ProjectOneApplicationTests, locations = '{}', classes = '{class com.ProjectOne.ProjectOneApplication}', contextInitializerClasses = '[]', activeProfiles = '{}', propertySourceLocations = '{}', propertySourceProperties = '{}', contextLoader = 'org.springframework.boot.test.SpringApplicationContextLoader', parent = [null]]]].
17:05:04.378 [Test worker] DEBUG org.springframework.core.env.StandardEnvironment - Adding [systemProperties] PropertySource with lowest search precedence
17:05:04.380 [Test worker] DEBUG org.springframework.core.env.StandardEnvironment - Adding [systemEnvironment] PropertySource with lowest search precedence
17:05:04.380 [Test worker] DEBUG org.springframework.core.env.StandardEnvironment - Initialized StandardEnvironment with PropertySources [systemProperties,systemEnvironment]
17:05:04.381 [Test worker] DEBUG org.springframework.core.env.StandardEnvironment - Adding [integrationTest] PropertySource with search precedence immediately lower than [systemEnvironment]

  .   ____          _            __ _ _
 /\\ / ___'_ __ _ _(_)_ __  __ _ \ \ \ \
( ( )\___ | '_ | '_| | '_ \/ _` | \ \ \ \
 \\/  ___)| |_)| | | | | || (_| |  ) ) ) )
  '  |____| .__|_| |_|_| |_\__, | / / / /
 =========|_|==============|___/=/_/_/_/
 :: Spring Boot ::        (v1.3.5.RELEASE)

2016-05-19 17:05:04.622  INFO 6088 --- [    Test worker] c.ProjectOne.ProjectOneApplicationTests  : Starting ProjectOneApplicationTests on XEN-631 with PID 6088 (D:\projects\development\ProjectOne\build\classes\test started by pjain1 in D:\projects\development\ProjectOne)
2016-05-19 17:05:04.623  INFO 6088 --- [    Test worker] c.ProjectOne.ProjectOneApplicationTests  : No active profile set, falling back to default profiles: default
2016-05-19 17:05:04.660  INFO 6088 --- [    Test worker] s.c.a.AnnotationConfigApplicationContext : Refreshing org.springframework.context.annotation.AnnotationConfigApplicationContext@1ca3c08e: startup date [Thu May 19 17:05:04 IST 2016]; root of context hierarchy
2016-05-19 17:05:05.179  INFO 6088 --- [    Test worker] c.ProjectOne.ProjectOneApplicationTests  : Started ProjectOneApplicationTests in 0.795 seconds (JVM running for 1.542)
]]></system-out>
  <system-err><![CDATA[]]></system-err>
</testsuite>
